<?xml version="1.0" encoding="UTF-8"?>
<testng-results ignored="0" total="1" passed="1" failed="0" skipped="0">
  <reporter-output>
  </reporter-output>
  <suite started-at="2024-12-24T17:38:41 WAT" name="Suite" finished-at="2024-12-24T17:38:55 WAT" duration-ms="13932">
    <groups>
    </groups>
    <test started-at="2024-12-24T17:38:41 WAT" name="Test" finished-at="2024-12-24T17:38:55 WAT" duration-ms="13932">
      <class name="com.automationexercise.tests.TestCase1">
        <test-method is-config="true" signature="setup()[pri:0, instance:com.automationexercise.tests.TestCase1@1da4b6b3]" started-at="2024-12-24T17:38:41 WAT" name="setup" finished-at="2024-12-24T17:38:52 WAT" duration-ms="10540" status="PASS">
          <reporter-output>
          </reporter-output>
        </test-method> <!-- setup -->
        <test-method signature="registerUser()[pri:0, instance:com.automationexercise.tests.TestCase1@1da4b6b3]" started-at="2024-12-24T17:38:52 WAT" name="registerUser" description="Test Case 1: Register User" finished-at="2024-12-24T17:38:55 WAT" duration-ms="2317" status="PASS">
          <reporter-output>
          </reporter-output>
        </test-method> <!-- registerUser -->
        <test-method is-config="true" signature="tearDown()[pri:0, instance:com.automationexercise.tests.TestCase1@1da4b6b3]" started-at="2024-12-24T17:38:55 WAT" name="tearDown" finished-at="2024-12-24T17:38:55 WAT" duration-ms="502" status="PASS">
          <reporter-output>
          </reporter-output>
        </test-method> <!-- tearDown -->
      </class> <!-- com.automationexercise.tests.TestCase1 -->
    </test> <!-- Test -->
  </suite> <!-- Suite -->
</testng-results>
